[ 2026-03-21 16:46:33,713 ] INFO - root - Started: download_stock_data
[ 2026-03-21 16:46:33,714 ] INFO - root - Downloading data for ITC.NS till 2025-01-01
[ 2026-03-21 16:46:34,765 ] INFO - root - Data saved at artifacts/raw/ITC_NS.csv
[ 2026-03-21 16:46:34,765 ] INFO - root - Completed: download_stock_data
[ 2026-03-21 16:46:34,765 ] INFO - root - Started: transform_data
[ 2026-03-21 16:46:34,765 ] INFO - root - Starting data transformation
[ 2026-03-21 16:46:34,780 ] INFO - root - Data transformation completed
[ 2026-03-21 16:46:34,780 ] INFO - root - Completed: transform_data
[ 2026-03-21 16:46:34,781 ] INFO - root - Started: split_data
[ 2026-03-21 16:46:34,781 ] INFO - root - Starting train test split
[ 2026-03-21 16:46:34,781 ] INFO - root - Train test split completed
[ 2026-03-21 16:46:34,781 ] INFO - root - Completed: split_data
[ 2026-03-21 16:46:34,781 ] INFO - root - Started: save_processed_data
[ 2026-03-21 16:46:34,781 ] INFO - root - Saving processed datasets
[ 2026-03-21 16:46:34,801 ] INFO - root - Processed data saved successfully
[ 2026-03-21 16:46:34,801 ] INFO - root - Completed: save_processed_data
[ 2026-03-21 16:46:34,801 ] INFO - root - Started: feature_target_split
[ 2026-03-21 16:46:34,801 ] INFO - root - Starting feature target split
[ 2026-03-21 16:46:34,802 ] INFO - root - Feature target split completed
[ 2026-03-21 16:46:34,802 ] INFO - root - Completed: feature_target_split
[ 2026-03-21 16:46:34,802 ] INFO - root - Started: scale_features
[ 2026-03-21 16:46:34,802 ] INFO - root - Starting feature scaling
[ 2026-03-21 16:46:34,803 ] INFO - root - Feature scaling completed
[ 2026-03-21 16:46:34,803 ] INFO - root - Completed: scale_features
[ 2026-03-21 16:46:34,803 ] INFO - root - Started: train_baseline_model
[ 2026-03-21 16:46:34,803 ] INFO - root - Training baseline model
[ 2026-03-21 16:46:34,812 ] INFO - root - Baseline MAE: 0.00858763524969606
[ 2026-03-21 16:46:34,812 ] INFO - root - Completed: train_baseline_model
