[ 2026-03-21 17:12:05,265 ] INFO - root - Started: download_stock_data
[ 2026-03-21 17:12:05,265 ] INFO - root - Downloading data for ITC.NS till 2025-01-01
[ 2026-03-21 17:12:06,256 ] INFO - root - Data saved at artifacts/raw/ITC_NS.csv
[ 2026-03-21 17:12:06,256 ] INFO - root - Completed: download_stock_data
[ 2026-03-21 17:12:06,257 ] INFO - root - Started: transform_data
[ 2026-03-21 17:12:06,257 ] INFO - root - Starting data transformation
[ 2026-03-21 17:12:06,272 ] INFO - root - Data transformation completed
[ 2026-03-21 17:12:06,272 ] INFO - root - Completed: transform_data
[ 2026-03-21 17:12:06,272 ] INFO - root - Started: split_data
[ 2026-03-21 17:12:06,272 ] INFO - root - Starting train test split
[ 2026-03-21 17:12:06,272 ] INFO - root - Train test split completed
[ 2026-03-21 17:12:06,272 ] INFO - root - Completed: split_data
[ 2026-03-21 17:12:06,272 ] INFO - root - Started: save_processed_data
[ 2026-03-21 17:12:06,272 ] INFO - root - Saving processed datasets
[ 2026-03-21 17:12:06,293 ] INFO - root - Processed data saved successfully
[ 2026-03-21 17:12:06,293 ] INFO - root - Completed: save_processed_data
[ 2026-03-21 17:12:06,293 ] INFO - root - Started: feature_target_split
[ 2026-03-21 17:12:06,293 ] INFO - root - Starting feature target split
[ 2026-03-21 17:12:06,293 ] INFO - root - Feature target split completed
[ 2026-03-21 17:12:06,293 ] INFO - root - Completed: feature_target_split
[ 2026-03-21 17:12:06,293 ] INFO - root - Started: scale_features
[ 2026-03-21 17:12:06,293 ] INFO - root - Starting feature scaling
[ 2026-03-21 17:12:06,295 ] INFO - root - Feature scaling completed
[ 2026-03-21 17:12:06,295 ] INFO - root - Completed: scale_features
[ 2026-03-21 17:12:06,295 ] INFO - root - Started: train_multiple_models
[ 2026-03-21 17:12:06,295 ] INFO - root - Training multiple models
[ 2026-03-21 17:12:06,296 ] INFO - root - Linear MAE: 0.008587631746603635
[ 2026-03-21 17:12:06,302 ] INFO - root - Ridge MAE: 0.00858764748349782
[ 2026-03-21 17:12:07,100 ] INFO - root - RF MAE: 0.009848806424049518
[ 2026-03-21 17:12:07,100 ] INFO - root - All models trained
[ 2026-03-21 17:12:07,101 ] INFO - root - Completed: train_multiple_models
